<?xml version="1.0" encoding="UTF-8"?>
<!-- Generated by org.testng.reporters.JUnitReportReporter -->
<testsuite hostname="JSAIKRISHNA" failures="0" tests="1" name="Real.TC_01" time="7.336" errors="0" timestamp="2023-03-09T09:41:08 IST" skipped="0">
  <testcase classname="Real.TC_01" name="TC01" time="7.336"/>
  <system-out/>
</testsuite> <!-- Real.TC_01 -->
